Release 14.4 - xst P.49d (nt64)
Copyright (c) 1995-2012 Xilinx, Inc.  All rights reserved.
--> Parameter TMPDIR set to xst/projnav.tmp


Total REAL time to Xst completion: 1.00 secs
Total CPU time to Xst completion: 0.06 secs
 
--> Parameter xsthdpdir set to xst


Total REAL time to Xst completion: 1.00 secs
Total CPU time to Xst completion: 0.06 secs
 
--> Reading design: Floating_Point_Sigmoid.prj

TABLE OF CONTENTS
  1) Synthesis Options Summary
  2) HDL Parsing
  3) HDL Elaboration
  4) HDL Synthesis
       4.1) HDL Synthesis Report
  5) Advanced HDL Synthesis
       5.1) Advanced HDL Synthesis Report
  6) Low Level Synthesis
  7) Partition Report
  8) Design Summary
       8.1) Primitive and Black Box Usage
       8.2) Device utilization summary
       8.3) Partition Resource Summary
       8.4) Timing Report
            8.4.1) Clock Information
            8.4.2) Asynchronous Control Signals Information
            8.4.3) Timing Summary
            8.4.4) Timing Details
            8.4.5) Cross Clock Domains Report


=========================================================================
*                      Synthesis Options Summary                        *
=========================================================================
---- Source Parameters
Input File Name                    : "Floating_Point_Sigmoid.prj"
Ignore Synthesis Constraint File   : NO

---- Target Parameters
Output File Name                   : "Floating_Point_Sigmoid"
Output Format                      : NGC
Target Device                      : xc6slx16-3-csg324

---- Source Options
Top Module Name                    : Floating_Point_Sigmoid
Automatic FSM Extraction           : YES
FSM Encoding Algorithm             : Auto
Safe Implementation                : No
FSM Style                          : LUT
RAM Extraction                     : Yes
RAM Style                          : Auto
ROM Extraction                     : Yes
Shift Register Extraction          : YES
ROM Style                          : Auto
Resource Sharing                   : YES
Asynchronous To Synchronous        : NO
Shift Register Minimum Size        : 2
Use DSP Block                      : Auto
Automatic Register Balancing       : No

---- Target Options
LUT Combining                      : Auto
Reduce Control Sets                : Auto
Add IO Buffers                     : YES
Global Maximum Fanout              : 100000
Add Generic Clock Buffer(BUFG)     : 16
Register Duplication               : YES
Optimize Instantiated Primitives   : NO
Use Clock Enable                   : Auto
Use Synchronous Set                : Auto
Use Synchronous Reset              : Auto
Pack IO Registers into IOBs        : Auto
Equivalent register Removal        : YES

---- General Options
Optimization Goal                  : Speed
Optimization Effort                : 1
Power Reduction                    : NO
Keep Hierarchy                     : No
Netlist Hierarchy                  : As_Optimized
RTL Output                         : Yes
Global Optimization                : AllClockNets
Read Cores                         : YES
Write Timing Constraints           : NO
Cross Clock Analysis               : NO
Hierarchy Separator                : /
Bus Delimiter                      : <>
Case Specifier                     : Maintain
Slice Utilization Ratio            : 100
BRAM Utilization Ratio             : 100
DSP48 Utilization Ratio            : 100
Auto BRAM Packing                  : NO
Slice Utilization Ratio Delta      : 5

=========================================================================


=========================================================================
*                          HDL Parsing                                  *
=========================================================================
Analyzing Verilog file "C:\Users\User\Documents\FPGA\FPA\Floating_Point_Multiplier.v" into library work
Parsing module <Floating_Point_Multiplier>.
Analyzing Verilog file "C:\Users\User\Documents\FPGA\FPA\Floating_Point_Power.v" into library work
Parsing module <Floating_Point_Power>.
Analyzing Verilog file "C:\Users\User\Documents\FPGA\FPA\Floating_Point_Div.v" into library work
Parsing module <Floating_Point_Div>.
Analyzing Verilog file "C:\Users\User\Documents\FPGA\FPA\Floating_Point_Adder.v" into library work
Parsing module <Floating_Point_Adder>.
Analyzing Verilog file "C:\Users\User\Documents\FPGA\FPA\Floating_Point_Exponent.v" into library work
Parsing module <Floating_Point_Exponent>.
Analyzing Verilog file "C:\Users\User\Documents\FPGA\FPA\Floating_Point_Sigmoid.v" into library work
Parsing module <Floating_Point_Sigmoid>.

=========================================================================
*                            HDL Elaboration                            *
=========================================================================

Elaborating module <Floating_Point_Sigmoid>.

Elaborating module <Floating_Point_Exponent>.

Elaborating module <Floating_Point_Div>.
WARNING:HDLCompiler:413 - "C:\Users\User\Documents\FPGA\FPA\Floating_Point_Div.v" Line 51: Result of 32-bit expression is truncated to fit in 8-bit target.

Elaborating module <Floating_Point_Adder>.
WARNING:HDLCompiler:1127 - "C:\Users\User\Documents\FPGA\FPA\Floating_Point_Adder.v" Line 31: Assignment to Exponent_B_Out ignored, since the identifier is never used

Elaborating module <Floating_Point_Power>.

Elaborating module <Floating_Point_Multiplier>.
WARNING:HDLCompiler:91 - "C:\Users\User\Documents\FPGA\FPA\Floating_Point_Power.v" Line 35: Signal <power> missing in the sensitivity list is added for synthesis purposes. HDL and post-synthesis simulations may differ as a result.
WARNING:HDLCompiler:91 - "C:\Users\User\Documents\FPGA\FPA\Floating_Point_Power.v" Line 39: Signal <res_m> missing in the sensitivity list is added for synthesis purposes. HDL and post-synthesis simulations may differ as a result.
ERROR:HDLCompiler:1440 - "C:\Users\User\Documents\FPGA\FPA\Floating_Point_Power.v" Line 35: Non-constant loop condition not supported for for
Module Floating_Point_Power remains a blackbox, due to errors in its contents
WARNING:HDLCompiler:1499 - "C:\Users\User\Documents\FPGA\FPA\Floating_Point_Power.v" Line 21: Empty module <Floating_Point_Power> remains a black box.
WARNING:HDLCompiler:189 - "C:\Users\User\Documents\FPGA\FPA\Floating_Point_Exponent.v" Line 39: Size mismatch in connection of port <power>. Formal port size is 4-bit while actual signal size is 32-bit.
WARNING:HDLCompiler:189 - "C:\Users\User\Documents\FPGA\FPA\Floating_Point_Exponent.v" Line 40: Size mismatch in connection of port <power>. Formal port size is 4-bit while actual signal size is 32-bit.
WARNING:HDLCompiler:189 - "C:\Users\User\Documents\FPGA\FPA\Floating_Point_Exponent.v" Line 41: Size mismatch in connection of port <power>. Formal port size is 4-bit while actual signal size is 32-bit.
WARNING:HDLCompiler:189 - "C:\Users\User\Documents\FPGA\FPA\Floating_Point_Exponent.v" Line 42: Size mismatch in connection of port <power>. Formal port size is 4-bit while actual signal size is 32-bit.
WARNING:HDLCompiler:91 - "C:\Users\User\Documents\FPGA\FPA\Floating_Point_Exponent.v" Line 49: Signal <res_a> missing in the sensitivity list is added for synthesis purposes. HDL and post-synthesis simulations may differ as a result.
WARNING:HDLCompiler:91 - "C:\Users\User\Documents\FPGA\FPA\Floating_Point_Exponent.v" Line 54: Signal <res_p1> missing in the sensitivity list is added for synthesis purposes. HDL and post-synthesis simulations may differ as a result.
WARNING:HDLCompiler:91 - "C:\Users\User\Documents\FPGA\FPA\Floating_Point_Exponent.v" Line 57: Signal <res_d> missing in the sensitivity list is added for synthesis purposes. HDL and post-synthesis simulations may differ as a result.
WARNING:HDLCompiler:91 - "C:\Users\User\Documents\FPGA\FPA\Floating_Point_Exponent.v" Line 61: Signal <res_a> missing in the sensitivity list is added for synthesis purposes. HDL and post-synthesis simulations may differ as a result.
WARNING:HDLCompiler:91 - "C:\Users\User\Documents\FPGA\FPA\Floating_Point_Exponent.v" Line 66: Signal <res_p2> missing in the sensitivity list is added for synthesis purposes. HDL and post-synthesis simulations may differ as a result.
WARNING:HDLCompiler:91 - "C:\Users\User\Documents\FPGA\FPA\Floating_Point_Exponent.v" Line 69: Signal <res_d> missing in the sensitivity list is added for synthesis purposes. HDL and post-synthesis simulations may differ as a result.
WARNING:HDLCompiler:91 - "C:\Users\User\Documents\FPGA\FPA\Floating_Point_Exponent.v" Line 73: Signal <res_a> missing in the sensitivity list is added for synthesis purposes. HDL and post-synthesis simulations may differ as a result.
WARNING:HDLCompiler:91 - "C:\Users\User\Documents\FPGA\FPA\Floating_Point_Exponent.v" Line 78: Signal <res_p3> missing in the sensitivity list is added for synthesis purposes. HDL and post-synthesis simulations may differ as a result.
WARNING:HDLCompiler:91 - "C:\Users\User\Documents\FPGA\FPA\Floating_Point_Exponent.v" Line 81: Signal <res_d> missing in the sensitivity list is added for synthesis purposes. HDL and post-synthesis simulations may differ as a result.
WARNING:HDLCompiler:91 - "C:\Users\User\Documents\FPGA\FPA\Floating_Point_Exponent.v" Line 85: Signal <res_a> missing in the sensitivity list is added for synthesis purposes. HDL and post-synthesis simulations may differ as a result.
WARNING:HDLCompiler:91 - "C:\Users\User\Documents\FPGA\FPA\Floating_Point_Exponent.v" Line 90: Signal <res_p4> missing in the sensitivity list is added for synthesis purposes. HDL and post-synthesis simulations may differ as a result.
WARNING:HDLCompiler:91 - "C:\Users\User\Documents\FPGA\FPA\Floating_Point_Exponent.v" Line 93: Signal <res_d> missing in the sensitivity list is added for synthesis purposes. HDL and post-synthesis simulations may differ as a result.
WARNING:HDLCompiler:91 - "C:\Users\User\Documents\FPGA\FPA\Floating_Point_Sigmoid.v" Line 39: Signal <res_m> missing in the sensitivity list is added for synthesis purposes. HDL and post-synthesis simulations may differ as a result.
WARNING:HDLCompiler:91 - "C:\Users\User\Documents\FPGA\FPA\Floating_Point_Sigmoid.v" Line 42: Signal <res_e> missing in the sensitivity list is added for synthesis purposes. HDL and post-synthesis simulations may differ as a result.
WARNING:HDLCompiler:91 - "C:\Users\User\Documents\FPGA\FPA\Floating_Point_Sigmoid.v" Line 45: Signal <res_a> missing in the sensitivity list is added for synthesis purposes. HDL and post-synthesis simulations may differ as a result.
--> 

Total memory usage is 4948008 kilobytes

Number of errors   :    1 (   0 filtered)
Number of warnings :   24 (   0 filtered)
Number of infos    :    0 (   0 filtered)

